This is LuaTeX, Version 1.21.0 (TeX Live 2025/Homebrew)  (format=dvilualatex 2025.3.7)  1 SEP 2025 19:18
 restricted system commands enabled.
**\makeatletter\def\HCode{\futurelet\HCode\HChar}\def\HChar{\ifx"\HCode\def\HCo
de"##1"{\Link##1}\expandafter\HCode\else\expandafter\Link\fi}\def\Link#1.a.b.c.
{\let\HCode\documentstyle\def\documentstyle{\let\documentstyle\HCode\expandafte
r\def\csname tex4ht\endcsname{#1,html}\def\HCode####1{\documentstyle[tex4ht,}\@
ifnextchar[{\HCode}{\documentstyle[tex4ht]}}\RequirePackage[#1,html]{tex4ht}}\m
akeatother\HCode config.tex,mathjax,charset=utf-8,html5.a.b.c.\input "\detokeni
ze{syllabus.tex}"
Lua module: luaotfload 2024-12-03 v3.29 Lua based OpenType font support
Lua module: lualibs 2023-07-13 v2.76 ConTeXt Lua standard libraries.
Lua module: lualibs-extended 2023-07-13 v2.76 ConTeXt Lua libraries -- extended collection.
luaotfload | conf : Root cache directory is "/opt/homebrew/Cellar/texlive/20250308_1/share/texmf-var/luatex-cache/generic/names".
luaotfload | init : Loading fontloader "fontloader-2023-12-28.lua" from kpse-resolved path "/opt/homebrew/Cellar/texlive/20250308_1/share/texmf-dist/tex/luatex/luaotfload/fontloader-2023-12-28.lua".
Lua-only attribute luaotfload@noligature = 1
luaotfload | init : Context OpenType loader version 3.134
Inserting `luaotfload.node_processor' in `pre_linebreak_filter'.
Inserting `luaotfload.node_processor' in `hpack_filter'.
Inserting `luaotfload.glyph_stream' in `glyph_stream_provider'.
Inserting `luaotfload.define_font' in `define_font'.
Lua-only attribute luaotfload_color_attribute = 2
luaotfload | conf : Root cache directory is "/opt/homebrew/Cellar/texlive/20250308_1/share/texmf-var/luatex-cache/generic/names".
Lua-only attribute luaotfload.letterspace_done = 3
Inserting `luaotfload.aux.set_sscale_dimens' in `luaotfload.patch_font'.
Inserting `luaotfload.aux.set_font_index' in `luaotfload.patch_font'.
Inserting `luaotfload.aux.patch_cambria_domh' in `luaotfload.patch_font'.
Inserting `luaotfload.aux.fixup_fontdata' in `luaotfload.patch_font_unsafe'.
Inserting `luaotfload.aux.set_capheight' in `luaotfload.patch_font'.
Inserting `luaotfload.aux.set_xheight' in `luaotfload.patch_font'.
Inserting `luaotfload.rewrite_fontname' in `luaotfload.patch_font'.
Inserting `tracingstacklevels' in `input_level_string'.

(/opt/homebrew/Cellar/texlive/20250308_1/share/texmf-dist/tex/generic/tex4ht/te
x4ht.sty
version 2025-02-27-12:30
Package: tex4ht 
--------------------------------------
--- Note --- for _ at preamble, use the command line option `early_'
--------------------------------------
--------------------------------------
--- Note --- for ^ at preamble, use the command line option `early^'
--------------------------------------
\tmp:toks=\toks17
) (./syllabus.tex
(/opt/homebrew/Cellar/texlive/20250308_1/share/texmf-dist/tex/generic/tex4ht/us
epackage.4ht
version 2024-12-06-14:38
)
(/opt/homebrew/Cellar/texlive/20250308_1/share/texmf-dist/tex/latex/base/articl
e.cls
Document Class: article 2024/06/29 v1.4n Standard LaTeX document class

(/opt/homebrew/Cellar/texlive/20250308_1/share/texmf-dist/tex/latex/base/size12
.clo
File: size12.clo 2024/06/29 v1.4n Standard LaTeX file (size option)
luaotfload | db : Font names database loaded from /opt/homebrew/Cellar/texlive/2
0250308_1/share/texmf-var/luatex-cache/generic/names/luaotfload-names.luc.gz
Inserting `luaotfload.dvi' in `pre_shipout_filter'.)
\c@part=\count194
\c@section=\count195
\c@subsection=\count196
\c@subsubsection=\count197
\c@paragraph=\count198
\c@subparagraph=\count199
\c@figure=\count266
\c@table=\count267
\abovecaptionskip=\skip49
\belowcaptionskip=\skip50
\bibindent=\dimen140
)
(/opt/homebrew/Cellar/texlive/20250308_1/share/texmf-dist/tex/latex/natbib/natb
ib.sty
Package: natbib 2010/09/13 8.31b (PWD, AO)
\bibhang=\skip51
\bibsep=\skip52
LaTeX Info: Redefining \cite on input line 694.
\c@NAT@ctr=\count268
)
(/opt/homebrew/Cellar/texlive/20250308_1/share/texmf-dist/tex/generic/tex4ht/xc
olor-hooks.4ht
version 2020-10-17-13:53
)
(/opt/homebrew/Cellar/texlive/20250308_1/share/texmf-dist/tex/latex/xcolor/xcol
or.sty
Package: xcolor 2024/09/29 v3.02 LaTeX color extensions (UK)

(/opt/homebrew/Cellar/texlive/20250308_1/share/texmf-dist/tex/latex/graphics-cf
g/color.cfg
File: color.cfg 2016/01/02 v1.6 sample color configuration
)
Package xcolor Info: Driver file: dvips.def on input line 274.

(/opt/homebrew/Cellar/texlive/20250308_1/share/texmf-dist/tex/latex/graphics-de
f/dvips.def
File: dvips.def 2022/09/22 v3.1e Graphics/color driver for dvips
)
(/opt/homebrew/Cellar/texlive/20250308_1/share/texmf-dist/tex/latex/graphics/ma
thcolor.ltx)
Package xcolor Info: Model `cmy' substituted by `cmy0' on input line 1349.
Package xcolor Info: Model `RGB' extended on input line 1365.
Package xcolor Info: Model `HTML' substituted by `rgb' on input line 1367.
Package xcolor Info: Model `Hsb' substituted by `hsb' on input line 1368.
Package xcolor Info: Model `tHsb' substituted by `hsb' on input line 1369.
Package xcolor Info: Model `HSB' substituted by `hsb' on input line 1370.
Package xcolor Info: Model `Gray' substituted by `gray' on input line 1371.
Package xcolor Info: Model `wave' substituted by `hsb' on input line 1372.
)
(/opt/homebrew/Cellar/texlive/20250308_1/share/texmf-dist/tex/latex/amsmath/ams
math.sty
Package: amsmath 2024/11/05 v2.17t AMS math features
\@mathmargin=\skip53
For additional information on amsmath, use the `?' option.

(/opt/homebrew/Cellar/texlive/20250308_1/share/texmf-dist/tex/latex/amsmath/ams
text.sty
Package: amstext 2021/08/26 v2.01 AMS text

(/opt/homebrew/Cellar/texlive/20250308_1/share/texmf-dist/tex/latex/amsmath/ams
gen.sty
File: amsgen.sty 1999/11/30 v2.0 generic functions
\@emptytoks=\toks18
\ex@=\dimen141
))
(/opt/homebrew/Cellar/texlive/20250308_1/share/texmf-dist/tex/latex/amsmath/ams
bsy.sty
Package: amsbsy 1999/11/29 v1.2d Bold Symbols
\pmbraise@=\dimen142
)
(/opt/homebrew/Cellar/texlive/20250308_1/share/texmf-dist/tex/latex/amsmath/ams
opn.sty
Package: amsopn 2022/04/08 v2.04 operator names
)
\inf@bad=\count269
LaTeX Info: Redefining \frac on input line 235.
\uproot@=\count270
\leftroot@=\count271
LaTeX Info: Redefining \overline on input line 398.
LaTeX Info: Redefining \colon on input line 409.
\classnum@=\count272
\DOTSCASE@=\count273
LaTeX Info: Redefining \ldots on input line 495.
LaTeX Info: Redefining \dots on input line 498.
LaTeX Info: Redefining \cdots on input line 619.
\Mathstrutbox@=\box52
\strutbox@=\box53
LaTeX Info: Redefining \big on input line 721.
LaTeX Info: Redefining \Big on input line 722.
LaTeX Info: Redefining \bigg on input line 723.
LaTeX Info: Redefining \Bigg on input line 724.
\big@size=\dimen143
LaTeX Font Info:    Redeclaring font encoding OML on input line 742.
LaTeX Font Info:    Redeclaring font encoding OMS on input line 743.
\macc@depth=\count274
LaTeX Info: Redefining \bmod on input line 904.
LaTeX Info: Redefining \pmod on input line 909.
LaTeX Info: Redefining \smash on input line 939.
LaTeX Info: Redefining \relbar on input line 969.
LaTeX Info: Redefining \Relbar on input line 970.
\c@MaxMatrixCols=\count275
\dotsspace@=\muskip17
\c@parentequation=\count276
\dspbrk@lvl=\count277
\tag@help=\toks19
\row@=\count278
\column@=\count279
\maxfields@=\count280
\andhelp@=\toks20
\eqnshift@=\dimen144
\alignsep@=\dimen145
\tagshift@=\dimen146
\tagwidth@=\dimen147
\totwidth@=\dimen148
\lineht@=\dimen149
\@envbody=\toks21
\multlinegap=\skip54
\multlinetaggap=\skip55
\mathdisplay@stack=\toks22
LaTeX Info: Redefining \[ on input line 2953.
LaTeX Info: Redefining \] on input line 2954.
)
(/opt/homebrew/Cellar/texlive/20250308_1/share/texmf-dist/tex/latex/psnfss/time
s.sty
Package: times 2020/03/25 PSNFSS-v9.3 (SPQR) 
)
(/opt/homebrew/Cellar/texlive/20250308_1/share/texmf-dist/tex/latex/ltablex/lta
blex.sty
Package: ltablex 2014/08/13 v1.1 Modified tabularx

(/opt/homebrew/Cellar/texlive/20250308_1/share/texmf-dist/tex/latex/tools/longt
able.sty
Package: longtable 2024-10-27 v4.22 Multi-page Table package (DPC)
\LTleft=\skip56
\LTright=\skip57
\LTpre=\skip58
\LTpost=\skip59
\LTchunksize=\count281
\LTcapwidth=\dimen150
\LT@head=\box54
\LT@firsthead=\box55
\LT@foot=\box56
\LT@lastfoot=\box57
\LT@gbox=\box58
\LT@cols=\count282
\LT@rows=\count283
\c@LT@tables=\count284
\c@LT@chunks=\count285
\LT@p@ftn=\toks23
)
(/opt/homebrew/Cellar/texlive/20250308_1/share/texmf-dist/tex/latex/tools/tabul
arx.sty
Package: tabularx 2023/12/11 v2.12a `tabularx' package (DPC)

(/opt/homebrew/Cellar/texlive/20250308_1/share/texmf-dist/tex/latex/tools/array
.sty
Package: array 2024/10/17 v2.6g Tabular extension package (FMi)
\col@sep=\dimen151
\ar@mcellbox=\box59
\extrarowheight=\dimen152
\NC@list=\toks24
\extratabsurround=\skip60
\backup@length=\skip61
\ar@cellbox=\box60
)
\TX@col@width=\dimen153
\TX@old@table=\dimen154
\TX@old@col=\dimen155
\TX@target=\dimen156
\TX@delta=\dimen157
\TX@cols=\count286
\TX@ftn=\toks25
))
(/opt/homebrew/Cellar/texlive/20250308_1/share/texmf-dist/tex/generic/tex4ht/fo
ntspec-hooks.4ht
version 2020-10-17-13:53

(/opt/homebrew/Cellar/texlive/20250308_1/share/texmf-dist/tex/generic/tex4ht/us
epackage-fontspec.4ht
version 2023-10-12-14:41
))
(/opt/homebrew/Cellar/texlive/20250308_1/share/texmf-dist/tex/latex/fontspec/fo
ntspec.sty
(/opt/homebrew/Cellar/texlive/20250308_1/share/texmf-dist/tex/latex/l3packages/
xparse/xparse.sty
(/opt/homebrew/Cellar/texlive/20250308_1/share/texmf-dist/tex/generic/tex4ht/ex
pl3-hooks.4ht
version 2020-10-17-13:53
)
(/opt/homebrew/Cellar/texlive/20250308_1/share/texmf-dist/tex/latex/l3kernel/ex
pl3.sty
Package: expl3 2025-01-18 L3 programming layer (loader) 

(/opt/homebrew/Cellar/texlive/20250308_1/share/texmf-dist/tex/latex/l3backend/l
3backend-dvips.def
File: l3backend-dvips.def 2024-05-08 L3 backend support: dvips
\l__pdf_internal_box=\box61
\l__pdf_backend_content_box=\box62
\l__pdf_backend_model_box=\box63
\g__pdf_backend_annotation_int=\count287
\g__pdf_backend_link_int=\count288
\g__pdf_backend_link_sf_int=\count289
))
Package: xparse 2024-08-16 L3 Experimental document command parser
)
Package: fontspec 2024/05/11 v2.9e Font selection for XeLaTeX and LuaLaTeX
Lua module: fontspec 2024/05/11 v2.9e Font selection for XeLaTeX and LuaLaTeX
(/opt/homebrew/Cellar/texlive/20250308_1/share/texmf-dist/tex/latex/fontspec/fo
ntspec-luatex.sty
Package: fontspec-luatex 2024/05/11 v2.9e Font selection for XeLaTeX and LuaLaT
eX
\l__fontspec_script_int=\count290
\l__fontspec_language_int=\count291
\l__fontspec_strnum_int=\count292
\l__fontspec_tmp_int=\count293
\l__fontspec_tmpa_int=\count294
\l__fontspec_tmpb_int=\count295
\l__fontspec_tmpc_int=\count296
\l__fontspec_em_int=\count297
\l__fontspec_emdef_int=\count298
\l__fontspec_strong_int=\count299
\l__fontspec_strongdef_int=\count300
\l__fontspec_tmpa_dim=\dimen158
\l__fontspec_tmpb_dim=\dimen159
\l__fontspec_tmpc_dim=\dimen160

(/opt/homebrew/Cellar/texlive/20250308_1/share/texmf-dist/tex/latex/base/fonten
c.sty
Package: fontenc 2021/04/29 v2.0v Standard LaTeX package
)
(/opt/homebrew/Cellar/texlive/20250308_1/share/texmf-dist/tex/latex/fontspec/fo
ntspec.cfg)))
(/opt/homebrew/Cellar/texlive/20250308_1/share/texmf-dist/tex/generic/tex4ht/lu
atexja-hooks.4ht
version 2022-09-14-13:33
tex4ht warning: package luatexja was prevented from loading
tex4ht warning: package luatexja-fontspec was prevented from loading
)
(/opt/homebrew/Cellar/texlive/20250308_1/share/texmf-dist/tex/latex/amsfonts/eu
script.sty
Package: euscript 2009/06/22 v3.00 Euler Script fonts
LaTeX Font Info:    Overwriting math alphabet `\EuScript' in version `bold'
(Font)                  U/eus/m/n --> U/eus/b/n on input line 33.
)
(/opt/homebrew/Cellar/texlive/20250308_1/share/texmf-dist/tex/generic/tex4ht/hy
perref-hooks.4ht
version 2023-09-17-08:01
)
(/opt/homebrew/Cellar/texlive/20250308_1/share/texmf-dist/tex/latex/hyperref/hy
perref.sty
Package: hyperref 2024-11-05 v7.01l Hypertext links for LaTeX

(/opt/homebrew/Cellar/texlive/20250308_1/share/texmf-dist/tex/generic/iftex/ift
ex.sty
Package: iftex 2024/12/12 v1.0g TeX engine tests
)
(/opt/homebrew/Cellar/texlive/20250308_1/share/texmf-dist/tex/latex/graphics/ke
yval.sty
Package: keyval 2022/05/29 v1.15 key=value parser (DPC)
\KV@toks@=\toks26
)
(/opt/homebrew/Cellar/texlive/20250308_1/share/texmf-dist/tex/latex/kvsetkeys/k
vsetkeys.sty
Package: kvsetkeys 2022-10-05 v1.19 Key value parser (HO)
)
(/opt/homebrew/Cellar/texlive/20250308_1/share/texmf-dist/tex/generic/kvdefinek
eys/kvdefinekeys.sty
Package: kvdefinekeys 2019-12-19 v1.6 Define keys (HO)
)
(/opt/homebrew/Cellar/texlive/20250308_1/share/texmf-dist/tex/generic/pdfescape
/pdfescape.sty
Package: pdfescape 2019/12/09 v1.15 Implements pdfTeX's escape features (HO)

(/opt/homebrew/Cellar/texlive/20250308_1/share/texmf-dist/tex/generic/ltxcmds/l
txcmds.sty
Package: ltxcmds 2023-12-04 v1.26 LaTeX kernel commands for general use (HO)
)
(/opt/homebrew/Cellar/texlive/20250308_1/share/texmf-dist/tex/generic/pdftexcmd
s/pdftexcmds.sty
Package: pdftexcmds 2020-06-27 v0.33 Utility functions of pdfTeX for LuaTeX (HO
)

(/opt/homebrew/Cellar/texlive/20250308_1/share/texmf-dist/tex/generic/infwarerr
/infwarerr.sty
Package: infwarerr 2019/12/03 v1.5 Providing info/warning/error messages (HO)
)
Package pdftexcmds Info: \pdf@primitive is available.
Package pdftexcmds Info: \pdf@ifprimitive is available.
Package pdftexcmds Info: \pdfdraftmode is ignored in DVI mode.
\pdftexcmds@toks=\toks27
))
(/opt/homebrew/Cellar/texlive/20250308_1/share/texmf-dist/tex/latex/hycolor/hyc
olor.sty
Package: hycolor 2020-01-27 v1.10 Color options for hyperref/bookmark (HO)
)
(/opt/homebrew/Cellar/texlive/20250308_1/share/texmf-dist/tex/latex/hyperref/na
meref.sty
Package: nameref 2023-11-26 v2.56 Cross-referencing by name of section

(/opt/homebrew/Cellar/texlive/20250308_1/share/texmf-dist/tex/latex/refcount/re
fcount.sty
Package: refcount 2019/12/15 v3.6 Data extraction from label references (HO)
)
(/opt/homebrew/Cellar/texlive/20250308_1/share/texmf-dist/tex/generic/gettitles
tring/gettitlestring.sty
Package: gettitlestring 2019/12/15 v1.6 Cleanup title references (HO)

(/opt/homebrew/Cellar/texlive/20250308_1/share/texmf-dist/tex/latex/kvoptions/k
voptions.sty
Package: kvoptions 2022-06-15 v3.15 Key value format for package options (HO)
))
\c@section@level=\count301
)
(/opt/homebrew/Cellar/texlive/20250308_1/share/texmf-dist/tex/latex/etoolbox/et
oolbox.sty
Package: etoolbox 2025/02/11 v2.5l e-TeX tools for LaTeX (JAW)
\etb@tempcnta=\count302
)
(/opt/homebrew/Cellar/texlive/20250308_1/share/texmf-dist/tex/generic/stringenc
/stringenc.sty
Package: stringenc 2019/11/29 v1.12 Convert strings between diff. encodings (HO
)
)
\@linkdim=\dimen161
\Hy@linkcounter=\count303
\Hy@pagecounter=\count304

(/opt/homebrew/Cellar/texlive/20250308_1/share/texmf-dist/tex/latex/hyperref/pd
1enc.def
File: pd1enc.def 2024-11-05 v7.01l Hyperref: PDFDocEncoding definition (HO)
)
(/opt/homebrew/Cellar/texlive/20250308_1/share/texmf-dist/tex/generic/intcalc/i
ntcalc.sty
Package: intcalc 2019/12/15 v1.3 Expandable calculations with integers (HO)
)
\Hy@SavedSpaceFactor=\count305

(/opt/homebrew/Cellar/texlive/20250308_1/share/texmf-dist/tex/latex/hyperref/pu
enc.def
File: puenc.def 2024-11-05 v7.01l Hyperref: PDF Unicode definition (HO)
)
Package hyperref Info: Option `colorlinks' set `true' on input line 4040.
Package hyperref Info: Hyper figures OFF on input line 4157.
Package hyperref Info: Link nesting OFF on input line 4162.
Package hyperref Info: Hyper index ON on input line 4165.
Package hyperref Info: Plain pages OFF on input line 4172.
Package hyperref Info: Backreferencing OFF on input line 4177.
Package hyperref Info: Implicit mode ON; LaTeX internals redefined.
Package hyperref Info: Bookmarks ON on input line 4424.
\c@Hy@tempcnt=\count306

(/opt/homebrew/Cellar/texlive/20250308_1/share/texmf-dist/tex/latex/url/url.sty
\Urlmuskip=\muskip18
Package: url 2013/09/16  ver 3.4  Verb mode for urls, etc.
)
LaTeX Info: Redefining \url on input line 4763.
\XeTeXLinkMargin=\dimen162

(/opt/homebrew/Cellar/texlive/20250308_1/share/texmf-dist/tex/generic/bitset/bi
tset.sty
Package: bitset 2019/12/09 v1.3 Handle bit-vector datatype (HO)

(/opt/homebrew/Cellar/texlive/20250308_1/share/texmf-dist/tex/generic/bigintcal
c/bigintcalc.sty
Package: bigintcalc 2019/12/15 v1.5 Expandable calculations on big integers (HO
)
))
\Fld@menulength=\count307
\Field@Width=\dimen163
\Fld@charsize=\dimen164
\Field@toks=\toks28
Package hyperref Info: Hyper figures OFF on input line 6042.
Package hyperref Info: Link nesting OFF on input line 6047.
Package hyperref Info: Hyper index ON on input line 6050.
Package hyperref Info: backreferencing OFF on input line 6057.
Package hyperref Info: Link coloring ON on input line 6060.
Package hyperref Info: Link coloring with OCG OFF on input line 6067.
Package hyperref Info: PDF/A mode OFF on input line 6072.

(/opt/homebrew/Cellar/texlive/20250308_1/share/texmf-dist/tex/latex/base/atbegs
hi-ltx.sty
Package: atbegshi-ltx 2021/01/10 v1.0c Emulation of the original atbegshi
package with kernel methods
)
\Hy@abspage=\count308

Package hyperref Message: Stopped early.

)
Package hyperref Info: Driver: htex4ht.

(/opt/homebrew/Cellar/texlive/20250308_1/share/texmf-dist/tex/latex/hyperref/ht
ex4ht.def
File: htex4ht.def 2024-11-05 v7.01l Hyperref driver for TeX4ht
Package hyperref Info: tex4ht is already loaded.
)
Package hyperref Info: Option `colorlinks' set `true' on input line 21.

(/opt/homebrew/Cellar/texlive/20250308_1/share/texmf-dist/tex/latex/vmargin/vma
rgin.sty
Package: vmargin 2004/07/15 V2.5 set document margins (VK)
Package: vmargin 2004/07/15 V2.5 set document margins (VK)
\PaperWidth=\dimen165
\PaperHeight=\dimen166
)
(/opt/homebrew/Cellar/texlive/20250308_1/share/texmf-dist/tex/generic/tex4ht/ti
kz-hooks.4ht
version 2024-01-15-14:00
*****************************
TeX4ht info: Using dvisvgm4ht TikZ driver. Put \def \pgfsysdriver {driver-name}
 to your document before use of TikZ if you want to another driver. Use tikz+ o
ption if your TikZ pictures use patterns.
)
(/opt/homebrew/Cellar/texlive/20250308_1/share/texmf-dist/tex/latex/pgf/fronten
dlayer/tikz.sty
(/opt/homebrew/Cellar/texlive/20250308_1/share/texmf-dist/tex/generic/tex4ht/pg
f-hooks.4ht
version 2024-01-15-14:00
)
(/opt/homebrew/Cellar/texlive/20250308_1/share/texmf-dist/tex/latex/pgf/basicla
yer/pgf.sty
(/opt/homebrew/Cellar/texlive/20250308_1/share/texmf-dist/tex/latex/pgf/utiliti
es/pgfrcs.sty
(/opt/homebrew/Cellar/texlive/20250308_1/share/texmf-dist/tex/generic/pgf/utili
ties/pgfutil-common.tex
\pgfutil@everybye=\toks29
\pgfutil@tempdima=\dimen167
\pgfutil@tempdimb=\dimen168
)
(/opt/homebrew/Cellar/texlive/20250308_1/share/texmf-dist/tex/generic/pgf/utili
ties/pgfutil-latex.def
\pgfutil@abb=\box64
)
(/opt/homebrew/Cellar/texlive/20250308_1/share/texmf-dist/tex/generic/pgf/utili
ties/pgfrcs.code.tex
(/opt/homebrew/Cellar/texlive/20250308_1/share/texmf-dist/tex/generic/pgf/pgf.r
evision.tex)
Package: pgfrcs 2023-01-15 v3.1.10 (3.1.10)
))
Package: pgf 2023-01-15 v3.1.10 (3.1.10)

(/opt/homebrew/Cellar/texlive/20250308_1/share/texmf-dist/tex/latex/pgf/basicla
yer/pgfcore.sty
(/opt/homebrew/Cellar/texlive/20250308_1/share/texmf-dist/tex/latex/graphics/gr
aphicx.sty
Package: graphicx 2021/09/16 v1.2d Enhanced LaTeX Graphics (DPC,SPQR)

(/opt/homebrew/Cellar/texlive/20250308_1/share/texmf-dist/tex/generic/tex4ht/gr
aphics-hooks.4ht
version 2022-08-17-14:25
)
(/opt/homebrew/Cellar/texlive/20250308_1/share/texmf-dist/tex/latex/graphics/gr
aphics.sty
Package: graphics 2024/08/06 v1.4g Standard LaTeX Graphics (DPC,SPQR)

(/opt/homebrew/Cellar/texlive/20250308_1/share/texmf-dist/tex/latex/graphics/tr
ig.sty
Package: trig 2023/12/02 v1.11 sin cos tan (DPC)
)
(/opt/homebrew/Cellar/texlive/20250308_1/share/texmf-dist/tex/latex/graphics-cf
g/graphics.cfg
File: graphics.cfg 2016/06/04 v1.11 sample graphics configuration
)
Package graphics Info: Driver file: dvips.def on input line 106.
)
\Gin@req@height=\dimen169
\Gin@req@width=\dimen170
)
(/opt/homebrew/Cellar/texlive/20250308_1/share/texmf-dist/tex/latex/pgf/systeml
ayer/pgfsys.sty
(/opt/homebrew/Cellar/texlive/20250308_1/share/texmf-dist/tex/generic/pgf/syste
mlayer/pgfsys.code.tex
Package: pgfsys 2023-01-15 v3.1.10 (3.1.10)

(/opt/homebrew/Cellar/texlive/20250308_1/share/texmf-dist/tex/generic/pgf/utili
ties/pgfkeys.code.tex
\pgfkeys@pathtoks=\toks30
\pgfkeys@temptoks=\toks31

(/opt/homebrew/Cellar/texlive/20250308_1/share/texmf-dist/tex/generic/pgf/utili
ties/pgfkeyslibraryfiltered.code.tex
\pgfkeys@tmptoks=\toks32
))
\pgf@x=\dimen171
\pgf@y=\dimen172
\pgf@xa=\dimen173
\pgf@ya=\dimen174
\pgf@xb=\dimen175
\pgf@yb=\dimen176
\pgf@xc=\dimen177
\pgf@yc=\dimen178
\pgf@xd=\dimen179
\pgf@yd=\dimen180
\w@pgf@writea=\write3
\r@pgf@reada=\read2
\c@pgf@counta=\count309
\c@pgf@countb=\count310
\c@pgf@countc=\count311
\c@pgf@countd=\count312
\t@pgf@toka=\toks33
\t@pgf@tokb=\toks34
\t@pgf@tokc=\toks35
\pgf@sys@id@count=\count313

(/opt/homebrew/Cellar/texlive/20250308_1/share/texmf-dist/tex/generic/pgf/syste
mlayer/pgf.cfg
File: pgf.cfg 2023-01-15 v3.1.10 (3.1.10)
)
Driver file for pgf: pgfsys-dvisvgm4ht.def

(/opt/homebrew/Cellar/texlive/20250308_1/share/texmf-dist/tex/generic/pgf/syste
mlayer/pgfsys-dvisvgm4ht.def
File: pgfsys-dvisvgm4ht.def 2023-01-15 v3.1.10 (3.1.10)

(/opt/homebrew/Cellar/texlive/20250308_1/share/texmf-dist/tex/generic/pgf/syste
mlayer/pgfsys-dvips.def
File: pgfsys-dvips.def 2023-01-15 v3.1.10 (3.1.10)

(/opt/homebrew/Cellar/texlive/20250308_1/share/texmf-dist/tex/generic/pgf/syste
mlayer/pgfsys-common-postscript.def
File: pgfsys-common-postscript.def 2023-01-15 v3.1.10 (3.1.10)
\pgf@objectcount=\count314
))))
(/opt/homebrew/Cellar/texlive/20250308_1/share/texmf-dist/tex/generic/pgf/syste
mlayer/pgfsyssoftpath.code.tex
File: pgfsyssoftpath.code.tex 2023-01-15 v3.1.10 (3.1.10)
\pgfsyssoftpath@smallbuffer@items=\count315
\pgfsyssoftpath@bigbuffer@items=\count316
)
(/opt/homebrew/Cellar/texlive/20250308_1/share/texmf-dist/tex/generic/pgf/syste
mlayer/pgfsysprotocol.code.tex
File: pgfsysprotocol.code.tex 2023-01-15 v3.1.10 (3.1.10)
))
(/opt/homebrew/Cellar/texlive/20250308_1/share/texmf-dist/tex/generic/tex4ht/xc
olor-hooks.4ht
version 2020-10-17-13:53
)
(/opt/homebrew/Cellar/texlive/20250308_1/share/texmf-dist/tex/generic/pgf/basic
layer/pgfcore.code.tex
Package: pgfcore 2023-01-15 v3.1.10 (3.1.10)

(/opt/homebrew/Cellar/texlive/20250308_1/share/texmf-dist/tex/generic/pgf/math/
pgfmath.code.tex
(/opt/homebrew/Cellar/texlive/20250308_1/share/texmf-dist/tex/generic/pgf/math/
pgfmathutil.code.tex)
(/opt/homebrew/Cellar/texlive/20250308_1/share/texmf-dist/tex/generic/pgf/math/
pgfmathparser.code.tex
\pgfmath@dimen=\dimen181
\pgfmath@count=\count317
\pgfmath@box=\box65
\pgfmath@toks=\toks36
\pgfmath@stack@operand=\toks37
\pgfmath@stack@operation=\toks38
)
(/opt/homebrew/Cellar/texlive/20250308_1/share/texmf-dist/tex/generic/pgf/math/
pgfmathfunctions.code.tex)
(/opt/homebrew/Cellar/texlive/20250308_1/share/texmf-dist/tex/generic/pgf/math/
pgfmathfunctions.basic.code.tex)
(/opt/homebrew/Cellar/texlive/20250308_1/share/texmf-dist/tex/generic/pgf/math/
pgfmathfunctions.trigonometric.code.tex)
(/opt/homebrew/Cellar/texlive/20250308_1/share/texmf-dist/tex/generic/pgf/math/
pgfmathfunctions.random.code.tex)
(/opt/homebrew/Cellar/texlive/20250308_1/share/texmf-dist/tex/generic/pgf/math/
pgfmathfunctions.comparison.code.tex)
(/opt/homebrew/Cellar/texlive/20250308_1/share/texmf-dist/tex/generic/pgf/math/
pgfmathfunctions.base.code.tex)
(/opt/homebrew/Cellar/texlive/20250308_1/share/texmf-dist/tex/generic/pgf/math/
pgfmathfunctions.round.code.tex)
(/opt/homebrew/Cellar/texlive/20250308_1/share/texmf-dist/tex/generic/pgf/math/
pgfmathfunctions.misc.code.tex)
(/opt/homebrew/Cellar/texlive/20250308_1/share/texmf-dist/tex/generic/pgf/math/
pgfmathfunctions.integerarithmetics.code.tex)
(/opt/homebrew/Cellar/texlive/20250308_1/share/texmf-dist/tex/generic/pgf/math/
pgfmathcalc.code.tex)
(/opt/homebrew/Cellar/texlive/20250308_1/share/texmf-dist/tex/generic/pgf/math/
pgfmathfloat.code.tex
\c@pgfmathroundto@lastzeros=\count318
))
(/opt/homebrew/Cellar/texlive/20250308_1/share/texmf-dist/tex/generic/pgf/math/
pgfint.code.tex)
(/opt/homebrew/Cellar/texlive/20250308_1/share/texmf-dist/tex/generic/pgf/basic
layer/pgfcorepoints.code.tex
File: pgfcorepoints.code.tex 2023-01-15 v3.1.10 (3.1.10)
\pgf@picminx=\dimen182
\pgf@picmaxx=\dimen183
\pgf@picminy=\dimen184
\pgf@picmaxy=\dimen185
\pgf@pathminx=\dimen186
\pgf@pathmaxx=\dimen187
\pgf@pathminy=\dimen188
\pgf@pathmaxy=\dimen189
\pgf@xx=\dimen190
\pgf@xy=\dimen191
\pgf@yx=\dimen192
\pgf@yy=\dimen193
\pgf@zx=\dimen194
\pgf@zy=\dimen195
)
(/opt/homebrew/Cellar/texlive/20250308_1/share/texmf-dist/tex/generic/pgf/basic
layer/pgfcorepathconstruct.code.tex
File: pgfcorepathconstruct.code.tex 2023-01-15 v3.1.10 (3.1.10)
\pgf@path@lastx=\dimen196
\pgf@path@lasty=\dimen197
)
(/opt/homebrew/Cellar/texlive/20250308_1/share/texmf-dist/tex/generic/pgf/basic
layer/pgfcorepathusage.code.tex
File: pgfcorepathusage.code.tex 2023-01-15 v3.1.10 (3.1.10)
\pgf@shorten@end@additional=\dimen198
\pgf@shorten@start@additional=\dimen199
)
(/opt/homebrew/Cellar/texlive/20250308_1/share/texmf-dist/tex/generic/pgf/basic
layer/pgfcorescopes.code.tex
File: pgfcorescopes.code.tex 2023-01-15 v3.1.10 (3.1.10)
\pgfpic=\box66
\pgf@hbox=\box67
\pgf@layerbox@main=\box68
\pgf@picture@serial@count=\count319
)
(/opt/homebrew/Cellar/texlive/20250308_1/share/texmf-dist/tex/generic/pgf/basic
layer/pgfcoregraphicstate.code.tex
File: pgfcoregraphicstate.code.tex 2023-01-15 v3.1.10 (3.1.10)
\pgflinewidth=\dimen256
)
(/opt/homebrew/Cellar/texlive/20250308_1/share/texmf-dist/tex/generic/pgf/basic
layer/pgfcoretransformations.code.tex
File: pgfcoretransformations.code.tex 2023-01-15 v3.1.10 (3.1.10)
\pgf@pt@x=\dimen257
\pgf@pt@y=\dimen258
\pgf@pt@temp=\dimen259
)
(/opt/homebrew/Cellar/texlive/20250308_1/share/texmf-dist/tex/generic/pgf/basic
layer/pgfcorequick.code.tex
File: pgfcorequick.code.tex 2023-01-15 v3.1.10 (3.1.10)
)
(/opt/homebrew/Cellar/texlive/20250308_1/share/texmf-dist/tex/generic/pgf/basic
layer/pgfcoreobjects.code.tex
File: pgfcoreobjects.code.tex 2023-01-15 v3.1.10 (3.1.10)
)
(/opt/homebrew/Cellar/texlive/20250308_1/share/texmf-dist/tex/generic/pgf/basic
layer/pgfcorepathprocessing.code.tex
File: pgfcorepathprocessing.code.tex 2023-01-15 v3.1.10 (3.1.10)
)
(/opt/homebrew/Cellar/texlive/20250308_1/share/texmf-dist/tex/generic/pgf/basic
layer/pgfcorearrows.code.tex
File: pgfcorearrows.code.tex 2023-01-15 v3.1.10 (3.1.10)
\pgfarrowsep=\dimen260
)
(/opt/homebrew/Cellar/texlive/20250308_1/share/texmf-dist/tex/generic/pgf/basic
layer/pgfcoreshade.code.tex
File: pgfcoreshade.code.tex 2023-01-15 v3.1.10 (3.1.10)
\pgf@max=\dimen261
\pgf@sys@shading@range@num=\count320
\pgf@shadingcount=\count321
)
(/opt/homebrew/Cellar/texlive/20250308_1/share/texmf-dist/tex/generic/pgf/basic
layer/pgfcoreimage.code.tex
File: pgfcoreimage.code.tex 2023-01-15 v3.1.10 (3.1.10)
)
(/opt/homebrew/Cellar/texlive/20250308_1/share/texmf-dist/tex/generic/pgf/basic
layer/pgfcoreexternal.code.tex
File: pgfcoreexternal.code.tex 2023-01-15 v3.1.10 (3.1.10)
\pgfexternal@startupbox=\box69
)
(/opt/homebrew/Cellar/texlive/20250308_1/share/texmf-dist/tex/generic/pgf/basic
layer/pgfcorelayers.code.tex
File: pgfcorelayers.code.tex 2023-01-15 v3.1.10 (3.1.10)
)
(/opt/homebrew/Cellar/texlive/20250308_1/share/texmf-dist/tex/generic/pgf/basic
layer/pgfcoretransparency.code.tex
File: pgfcoretransparency.code.tex 2023-01-15 v3.1.10 (3.1.10)
)
(/opt/homebrew/Cellar/texlive/20250308_1/share/texmf-dist/tex/generic/pgf/basic
layer/pgfcorepatterns.code.tex
File: pgfcorepatterns.code.tex 2023-01-15 v3.1.10 (3.1.10)
)
(/opt/homebrew/Cellar/texlive/20250308_1/share/texmf-dist/tex/generic/pgf/basic
layer/pgfcorerdf.code.tex
File: pgfcorerdf.code.tex 2023-01-15 v3.1.10 (3.1.10)
)))
(/opt/homebrew/Cellar/texlive/20250308_1/share/texmf-dist/tex/generic/pgf/modul
es/pgfmoduleshapes.code.tex
File: pgfmoduleshapes.code.tex 2023-01-15 v3.1.10 (3.1.10)
\pgfnodeparttextbox=\box70
)
(/opt/homebrew/Cellar/texlive/20250308_1/share/texmf-dist/tex/generic/pgf/modul
es/pgfmoduleplot.code.tex
File: pgfmoduleplot.code.tex 2023-01-15 v3.1.10 (3.1.10)
)
(/opt/homebrew/Cellar/texlive/20250308_1/share/texmf-dist/tex/latex/pgf/compati
bility/pgfcomp-version-0-65.sty
Package: pgfcomp-version-0-65 2023-01-15 v3.1.10 (3.1.10)
\pgf@nodesepstart=\dimen262
\pgf@nodesepend=\dimen263
)
(/opt/homebrew/Cellar/texlive/20250308_1/share/texmf-dist/tex/latex/pgf/compati
bility/pgfcomp-version-1-18.sty
Package: pgfcomp-version-1-18 2023-01-15 v3.1.10 (3.1.10)
))
(/opt/homebrew/Cellar/texlive/20250308_1/share/texmf-dist/tex/latex/pgf/utiliti
es/pgffor.sty
(/opt/homebrew/Cellar/texlive/20250308_1/share/texmf-dist/tex/latex/pgf/utiliti
es/pgfkeys.sty
(/opt/homebrew/Cellar/texlive/20250308_1/share/texmf-dist/tex/generic/pgf/utili
ties/pgfkeys.code.tex))
(/opt/homebrew/Cellar/texlive/20250308_1/share/texmf-dist/tex/latex/pgf/math/pg
fmath.sty
(/opt/homebrew/Cellar/texlive/20250308_1/share/texmf-dist/tex/generic/pgf/math/
pgfmath.code.tex))
(/opt/homebrew/Cellar/texlive/20250308_1/share/texmf-dist/tex/generic/pgf/utili
ties/pgffor.code.tex
Package: pgffor 2023-01-15 v3.1.10 (3.1.10)
\pgffor@iter=\dimen264
\pgffor@skip=\dimen265
\pgffor@stack=\toks39
\pgffor@toks=\toks40
))
(/opt/homebrew/Cellar/texlive/20250308_1/share/texmf-dist/tex/generic/pgf/front
endlayer/tikz/tikz.code.tex
Package: tikz 2023-01-15 v3.1.10 (3.1.10)

(/opt/homebrew/Cellar/texlive/20250308_1/share/texmf-dist/tex/generic/pgf/libra
ries/pgflibraryplothandlers.code.tex
File: pgflibraryplothandlers.code.tex 2023-01-15 v3.1.10 (3.1.10)
\pgf@plot@mark@count=\count322
\pgfplotmarksize=\dimen266
)
\tikz@lastx=\dimen267
\tikz@lasty=\dimen268
\tikz@lastxsaved=\dimen269
\tikz@lastysaved=\dimen270
\tikz@lastmovetox=\dimen271
\tikz@lastmovetoy=\dimen272
\tikzleveldistance=\dimen273
\tikzsiblingdistance=\dimen274
\tikz@figbox=\box71
\tikz@figbox@bg=\box72
\tikz@tempbox=\box73
\tikz@tempbox@bg=\box74
\tikztreelevel=\count323
\tikznumberofchildren=\count324
\tikznumberofcurrentchild=\count325
\tikz@fig@count=\count326

(/opt/homebrew/Cellar/texlive/20250308_1/share/texmf-dist/tex/generic/pgf/modul
es/pgfmodulematrix.code.tex
File: pgfmodulematrix.code.tex 2023-01-15 v3.1.10 (3.1.10)
\pgfmatrixcurrentrow=\count327
\pgfmatrixcurrentcolumn=\count328
\pgf@matrix@numberofcolumns=\count329
)
\tikz@expandcount=\count330

(/opt/homebrew/Cellar/texlive/20250308_1/share/texmf-dist/tex/generic/pgf/front
endlayer/tikz/libraries/tikzlibrarytopaths.code.tex
File: tikzlibrarytopaths.code.tex 2023-01-15 v3.1.10 (3.1.10)
)))
(/opt/homebrew/Cellar/texlive/20250308_1/share/texmf-dist/tex/generic/pgf/front
endlayer/tikz/libraries/tikzlibrarybackgrounds.code.tex
File: tikzlibrarybackgrounds.code.tex 2023-01-15 v3.1.10 (3.1.10)
\pgf@layerbox@background=\box75
\pgf@layerboxsaved@background=\box76
)
(/opt/homebrew/Cellar/texlive/20250308_1/share/texmf-dist/tex/latex/parskip/par
skip.sty
Package: parskip 2021-03-14 v2.0h non-zero parskip adjustments
)
LaTeX Info: Redefining \rmfamily on input line 56.
LaTeX Info: Redefining \rmfamily on input line 60.
(./config.tex
(/opt/homebrew/Cellar/texlive/20250308_1/share/texmf-dist/tex/generic/tex4ht/te
x4ht.4ht
version 2025-02-09-08:05
--------------------------------------
--- Note --- for additional information, use the command line option `info'
--------------------------------------
::::::::::::::::::::::::::::::::::::::::::
 TeX4ht info is available in the log file 
::::::::::::::::::::::::::::::::::::::::::
)
(/opt/homebrew/Cellar/texlive/20250308_1/share/texmf-dist/tex/generic/tex4ht/te
x4ht.sty
version 2025-02-27-12:30
l.875 --- TeX4ht warning --- nonprimitive \everypar ---
--- needs --- tex4ht syllabus ---
\tmp:cnt=\count331

\openout15 = syllabus.tmp
(./syllabus.tmp)
\tmp:dim=\skip62
(./syllabus.xref)
\:refout=\write4

\openout4 = syllabus.xref

(/opt/homebrew/Cellar/texlive/20250308_1/share/texmf-dist/tex/generic/tex4ht/ht
ml4.4ht
version 2025-03-05-13:44
--------------------------------------
--- Note --- to remove the <?xml version=...?> processing instruction use the c
ommand line option `no-VERSION'
--------------------------------------
--------------------------------------
--- Note --- to remove the DOCTYPE declaration use the command line option `no-
DOCTYPE'
--------------------------------------
)
(/opt/homebrew/Cellar/texlive/20250308_1/share/texmf-dist/tex/generic/tex4ht/un
icode.4ht
version 2024-12-15-07:18
)
(/opt/homebrew/Cellar/texlive/20250308_1/share/texmf-dist/tex/generic/tex4ht/ht
ml4-math.4ht
version 2024-09-27-10:13
)
(/opt/homebrew/Cellar/texlive/20250308_1/share/texmf-dist/tex/generic/tex4ht/ht
ml5.4ht
version 2024-04-09-09:36
)
--------------------------------------
--- Note --- for marking of the base font, use the command line option `fonts+'

--------------------------------------
--------------------------------------
--- Note --- for non active _, use the command line option `no_'
--------------------------------------
--------------------------------------
--- Note --- for _ of catcode 13, use the command line option `_13'
--------------------------------------
--------------------------------------
--- Note --- for non active ^, use the command line option `no^'
--------------------------------------
--------------------------------------
--- Note --- for ^ of catcode 13, use the command line option `^13'
--------------------------------------

(/opt/homebrew/Cellar/texlive/20250308_1/share/texmf-dist/tex/generic/tex4ht/ht
ml4.4ht
version 2025-03-05-13:44
--------------------------------------
--- Note --- to ignore CSS font decoration, use the `NoFonts' command line opti
on
--------------------------------------
--------------------------------------
--- Note --- for jpg bitmaps of pictures, use the `jpg' command line option. (C
haracter bitmaps are controled only by `g' records of tex4ht.env and `-g' switc
hes of tex4ht.c) 
--------------------------------------
--------------------------------------
--- Note --- for gif bitmaps of pictures, use the `gif' command line option. (C
haracter bitmaps are controled only by `g' records of tex4ht.env and `-g' switc
hes of tex4ht.c) 
--------------------------------------
--------------------------------------
--- Note --- for content and toc in 2 frames, use the command line option `fram
es'
--------------------------------------
--------------------------------------
--- Note --- for content, toc, and footnotes in 3 frames, use the command line 
option `frames-fn'
--------------------------------------
--------------------------------------
--- Note --- for file extension name xht, use the command line option `xht'
--------------------------------------
TeX4ht package options: mathjax,charset=utf-8,html5,html,xhtml
--------------------------------------
--- Note --- To print a timestamp, use the command line option timestamp
--------------------------------------
--------------------------------------
--- Note --- to ignore CSS code, use the command line option `-css
--------------------------------------
--------------------------------------
--- Note --- for inline CSS code, use the command line option `css-in'
--------------------------------------
--------------------------------------
--- Note --- for pop ups on mouse over, use the command line option `mouseover'

--------------------------------------
--------------------------------------
--- Note --- for addressing images in a subdirectory, use the command line opti
on `imgdir:.../'
--------------------------------------
)
(/opt/homebrew/Cellar/texlive/20250308_1/share/texmf-dist/tex/generic/tex4ht/un
icode.4ht
version 2024-12-15-07:18
)
(/opt/homebrew/Cellar/texlive/20250308_1/share/texmf-dist/tex/generic/tex4ht/ht
ml4-math.4ht
version 2024-09-27-10:13
)
(/opt/homebrew/Cellar/texlive/20250308_1/share/texmf-dist/tex/generic/tex4ht/ht
ml5.4ht
version 2024-04-09-09:36
--------------------------------------
--- Note --- To print a timestamp, use the command line option timestamp
--------------------------------------
--------------------------------------
--- Note --- We use a default CSS style. Use the `nostyle' option if you want t
o use custom a CSS design
--------------------------------------
)
\:tokwrite=\toks41
\:tokpage=\toks42
--------------------------------------
--- Note --- for back links to toc, use the command line option `sections+'
--------------------------------------
--------------------------------------
--- Note --- for linear crosslinks of pages, use the command line option `next'

--------------------------------------

\openout15 = syllabus.4ct
\:tocout=\write5

\openout5 = syllabus.4tc
(syllabus.4tc)
(/opt/homebrew/Cellar/texlive/20250308_1/share/texmf-dist/tex/generic/tex4ht/la
tex.4ht
version 2025-02-05-13:01
LaTeX Info: Redefining \_ on input line 180.

(/opt/homebrew/Cellar/texlive/20250308_1/share/texmf-dist/tex/latex/base/fonten
c.sty
Package: fontenc 2021/04/29 v2.0v Standard LaTeX package
LaTeX Font Info:    Trying to load font information for T1+lmr on input line 11
6.

(/opt/homebrew/Cellar/texlive/20250308_1/share/texmf-dist/tex/latex/lm/t1lmr.fd
File: t1lmr.fd 2015/05/01 v1.6.1 Font defs for Latin Modern
))
(/opt/homebrew/Cellar/texlive/20250308_1/share/texmf-dist/tex/generic/kastrup/b
inhex.tex)
(/opt/homebrew/Cellar/texlive/20250308_1/share/texmf-dist/tex/latex/base/tuenc.
def
File: tuenc.def 2021/04/29 v2.0v Standard LaTeX file
\@remove@tlig@@@=\luafunction29
LaTeX Font Info:    Redeclaring font encoding TU on input line 105.
)
(/opt/homebrew/Cellar/texlive/20250308_1/share/texmf-dist/tex/generic/tex4ht/tu
enc-luatex.4ht
version 2018-08-30-15:28

(/opt/homebrew/Cellar/texlive/20250308_1/share/texmf-dist/tex/luatex/luatexbase
/luatexbase.sty
Package: luatexbase 2015/10/04 v1.3 luatexbase interface to LuaTeX 

(/opt/homebrew/Cellar/texlive/20250308_1/share/texmf-dist/tex/luatex/ctablestac
k/ctablestack.sty
Package: ctablestack 2015/10/01 v1.0 Catcode table stable support
\@catcodetablestackcnt=\count332
)
\CatcodeTableOther=\catcodetable14
\CatcodeTableExpl=\catcodetable15
)
(/opt/homebrew/Cellar/texlive/20250308_1/share/texmf-dist/tex/lualatex/luacode/
luacode.sty
Package: luacode 2012/01/23 v1.2a lua-in-tex helpers (mpg)

(/opt/homebrew/Cellar/texlive/20250308_1/share/texmf-dist/tex/generic/iftex/ifl
uatex.sty
Package: ifluatex 2019/10/25 v1.5 ifluatex legacy package. Use iftex instead.
)
\luacode@lines=\toks43
\luacode@table@soft=\catcodetable16
)
Inserting `Char to entity' in `pre_linebreak_filter'.
Inserting `hpack-char-to-entity' in `hpack_filter'.
Inserting `hpack-char-to-entity' in `vpack_filter'.
(/opt/homebrew/Cellar/texlive/20250308_1/share/texmf-dist/tex/generic/tex4ht/ht
ml4.4ht
version 2025-03-05-13:44
)
(/opt/homebrew/Cellar/texlive/20250308_1/share/texmf-dist/tex/generic/tex4ht/un
icode.4ht
version 2024-12-15-07:18
)
(/opt/homebrew/Cellar/texlive/20250308_1/share/texmf-dist/tex/generic/tex4ht/ht
ml4-math.4ht
version 2024-09-27-10:13
)
(/opt/homebrew/Cellar/texlive/20250308_1/share/texmf-dist/tex/generic/tex4ht/ht
ml5.4ht
version 2024-04-09-09:36
))
LaTeX Info: Redefining \begin on input line 624.
LaTeX Info: Redefining \end on input line 672.
LaTeX Info: Redefining \, on input line 834.
LaTeX Info: Redefining \; on input line 835.
LaTeX Info: Redefining \! on input line 836.
LaTeX Info: Redefining \: on input line 837.
LaTeX Info: Redefining \> on input line 838.
--------------------------------------
--- Note --- for links into captions, instead of float heads, use the command l
ine option `refcaption'
--------------------------------------

(/opt/homebrew/Cellar/texlive/20250308_1/share/texmf-dist/tex/generic/tex4ht/ht
ml4.4ht
version 2025-03-05-13:44
)
(/opt/homebrew/Cellar/texlive/20250308_1/share/texmf-dist/tex/generic/tex4ht/un
icode.4ht
version 2024-12-15-07:18
)
(/opt/homebrew/Cellar/texlive/20250308_1/share/texmf-dist/tex/generic/tex4ht/ht
ml4-math.4ht
version 2024-09-27-10:13
)
(/opt/homebrew/Cellar/texlive/20250308_1/share/texmf-dist/tex/generic/tex4ht/ht
ml5.4ht
version 2024-04-09-09:36
)
(/opt/homebrew/Cellar/texlive/20250308_1/share/texmf-dist/tex/generic/tex4ht/ht
ml4.4ht
version 2025-03-05-13:44
--------------------------------------
--- Note --- For mini tocs immediately aftter the header use the command line o
ption `minitoc<'
--------------------------------------
--------------------------------------
--- Note --- for enumerated list elements with valued data, use the command lin
e option `enumerate+'
--------------------------------------
--------------------------------------
--- Note --- for enumerated list elements li's with value attributes, use the c
ommand line option `enumerate-'
--------------------------------------
--------------------------------------
--- Note --- for CSS2 code, use the command line option `css2'
--------------------------------------
--------------------------------------
--- Note --- for pictorial tabular, use the command line option `pic-tabular'
--------------------------------------
--------------------------------------
--- Note --- for bitmap fbox'es, use the command line option `pic-fbox'
--------------------------------------
--------------------------------------
--- Note --- for bitmap framebox'es, use the command line option `pic-framebox'

--------------------------------------
--------------------------------------
--- Note --- for inline footnotes use command line option `fn-in'
--------------------------------------
--------------------------------------
--- Note --- for tracing of latex font commands, use the command line option `f
onts'
--------------------------------------
--------------------------------------
--- Note --- for width specifications of tabular p entries, use the `p-width' c
ommand line option or a configuration similar to \Configure{HColWidth}{\HCode{ 
style="width:\HColWidth"}}
--------------------------------------
)
(/opt/homebrew/Cellar/texlive/20250308_1/share/texmf-dist/tex/generic/tex4ht/un
icode.4ht
version 2024-12-15-07:18
)
(/opt/homebrew/Cellar/texlive/20250308_1/share/texmf-dist/tex/generic/tex4ht/ht
ml4-math.4ht
version 2024-09-27-10:13
--------------------------------------
--- Note --- for pictorial eqnarray, use the command line option `pic-eqnarray'

--------------------------------------
--------------------------------------
--- Note --- for pictorial array, use the command line option `pic-array'
--------------------------------------
--------------------------------------
--- Note --- for pictorial $...$ environments, use the command line option `pic
-m' (not recommended!!)
--------------------------------------
--------------------------------------
--- Note --- for pictorial $...$ and $$...$$ environments with latex alt, use t
he command line option `pic-m+' (not safe!!)
--------------------------------------
--------------------------------------
--- Note --- for pictorial array, use the command line option `pic-array'
--------------------------------------

(/opt/homebrew/Cellar/texlive/20250308_1/share/texmf-dist/tex/generic/tex4ht/ma
thjax-latex-4ht.4ht
version 2025-01-26-07:11
))
(/opt/homebrew/Cellar/texlive/20250308_1/share/texmf-dist/tex/generic/tex4ht/ht
ml5.4ht
version 2024-04-09-09:36
))
(/opt/homebrew/Cellar/texlive/20250308_1/share/texmf-dist/tex/generic/tex4ht/fo
ntmath.4ht
version 2022-10-25-13:59

(/opt/homebrew/Cellar/texlive/20250308_1/share/texmf-dist/tex/generic/tex4ht/ht
ml4.4ht
version 2025-03-05-13:44
)
(/opt/homebrew/Cellar/texlive/20250308_1/share/texmf-dist/tex/generic/tex4ht/un
icode.4ht
version 2024-12-15-07:18
)
(/opt/homebrew/Cellar/texlive/20250308_1/share/texmf-dist/tex/generic/tex4ht/ht
ml4-math.4ht
version 2024-09-27-10:13
)
(/opt/homebrew/Cellar/texlive/20250308_1/share/texmf-dist/tex/generic/tex4ht/ht
ml5.4ht
version 2024-04-09-09:36
))
(/opt/homebrew/Cellar/texlive/20250308_1/share/texmf-dist/tex/generic/tex4ht/ar
ticle.4ht
version 2023-04-10-13:46

(/opt/homebrew/Cellar/texlive/20250308_1/share/texmf-dist/tex/generic/tex4ht/ht
ml4.4ht
version 2025-03-05-13:44
--------------------------------------
--- Note --- for automatic sectioning pagination, use the command line option `
1', `2', `3', '4', '5', '6', or '7'
--------------------------------------
--------------------------------------
--- Note --- for files named derived from section titles, use the command line 
option `sec-filename'
--------------------------------------
--------------------------------------
--- Note --- for i-columns index, use the command line option `index=i' (e.g., 
index=2)
--------------------------------------
)
(/opt/homebrew/Cellar/texlive/20250308_1/share/texmf-dist/tex/generic/tex4ht/un
icode.4ht
version 2024-12-15-07:18
)
(/opt/homebrew/Cellar/texlive/20250308_1/share/texmf-dist/tex/generic/tex4ht/ht
ml4-math.4ht
version 2024-09-27-10:13
)
(/opt/homebrew/Cellar/texlive/20250308_1/share/texmf-dist/tex/generic/tex4ht/ht
ml5.4ht
version 2024-04-09-09:36
))
(/opt/homebrew/Cellar/texlive/20250308_1/share/texmf-dist/tex/generic/tex4ht/na
tbib.4ht
version 2021-06-27-08:11

(/opt/homebrew/Cellar/texlive/20250308_1/share/texmf-dist/tex/generic/tex4ht/ht
ml4.4ht
version 2025-03-05-13:44
)
(/opt/homebrew/Cellar/texlive/20250308_1/share/texmf-dist/tex/generic/tex4ht/un
icode.4ht
version 2024-12-15-07:18
)
(/opt/homebrew/Cellar/texlive/20250308_1/share/texmf-dist/tex/generic/tex4ht/ht
ml4-math.4ht
version 2024-09-27-10:13
)
(/opt/homebrew/Cellar/texlive/20250308_1/share/texmf-dist/tex/generic/tex4ht/ht
ml5.4ht
version 2024-04-09-09:36
))
(/opt/homebrew/Cellar/texlive/20250308_1/share/texmf-dist/tex/generic/tex4ht/xc
olor.4ht
version 2024-05-09-14:07

(/opt/homebrew/Cellar/texlive/20250308_1/share/texmf-dist/tex/generic/tex4ht/co
lor.4ht
version 2022-02-01-14:27

(/opt/homebrew/Cellar/texlive/20250308_1/share/texmf-dist/tex/generic/tex4ht/ht
ml4.4ht
version 2025-03-05-13:44
)
(/opt/homebrew/Cellar/texlive/20250308_1/share/texmf-dist/tex/generic/tex4ht/un
icode.4ht
version 2024-12-15-07:18
)
(/opt/homebrew/Cellar/texlive/20250308_1/share/texmf-dist/tex/generic/tex4ht/ht
ml4-math.4ht
version 2024-09-27-10:13
)
(/opt/homebrew/Cellar/texlive/20250308_1/share/texmf-dist/tex/generic/tex4ht/ht
ml5.4ht
version 2024-04-09-09:36
))
(/opt/homebrew/Cellar/texlive/20250308_1/share/texmf-dist/tex/generic/tex4ht/ht
ml4.4ht
version 2025-03-05-13:44
)
(/opt/homebrew/Cellar/texlive/20250308_1/share/texmf-dist/tex/generic/tex4ht/un
icode.4ht
version 2024-12-15-07:18
)
(/opt/homebrew/Cellar/texlive/20250308_1/share/texmf-dist/tex/generic/tex4ht/ht
ml4-math.4ht
version 2024-09-27-10:13
)
(/opt/homebrew/Cellar/texlive/20250308_1/share/texmf-dist/tex/generic/tex4ht/ht
ml5.4ht
version 2024-04-09-09:36
))
(/opt/homebrew/Cellar/texlive/20250308_1/share/texmf-dist/tex/generic/tex4ht/co
lor.4ht
version 2022-02-01-14:27
)
(/opt/homebrew/Cellar/texlive/20250308_1/share/texmf-dist/tex/generic/tex4ht/dv
ips.4ht
version 2009-05-21-09:32

(/opt/homebrew/Cellar/texlive/20250308_1/share/texmf-dist/tex/generic/tex4ht/ht
ml4.4ht
version 2025-03-05-13:44
)
(/opt/homebrew/Cellar/texlive/20250308_1/share/texmf-dist/tex/generic/tex4ht/un
icode.4ht
version 2024-12-15-07:18
)
(/opt/homebrew/Cellar/texlive/20250308_1/share/texmf-dist/tex/generic/tex4ht/ht
ml4-math.4ht
version 2024-09-27-10:13
)
(/opt/homebrew/Cellar/texlive/20250308_1/share/texmf-dist/tex/generic/tex4ht/ht
ml5.4ht
version 2024-04-09-09:36
))
(/opt/homebrew/Cellar/texlive/20250308_1/share/texmf-dist/tex/generic/tex4ht/am
smath.4ht
version 2025-01-08-13:38
\tmp:muskip=\muskip19

(/opt/homebrew/Cellar/texlive/20250308_1/share/texmf-dist/tex/generic/tex4ht/ht
ml4.4ht
version 2025-03-05-13:44
)
(/opt/homebrew/Cellar/texlive/20250308_1/share/texmf-dist/tex/generic/tex4ht/un
icode.4ht
version 2024-12-15-07:18
)
(/opt/homebrew/Cellar/texlive/20250308_1/share/texmf-dist/tex/generic/tex4ht/ht
ml4-math.4ht
version 2024-09-27-10:13
)
(/opt/homebrew/Cellar/texlive/20250308_1/share/texmf-dist/tex/generic/tex4ht/ht
ml5.4ht
version 2024-04-09-09:36
))
(/opt/homebrew/Cellar/texlive/20250308_1/share/texmf-dist/tex/generic/tex4ht/am
stext.4ht
version 2009-05-21-09:32

(/opt/homebrew/Cellar/texlive/20250308_1/share/texmf-dist/tex/generic/tex4ht/ht
ml4.4ht
version 2025-03-05-13:44
)
(/opt/homebrew/Cellar/texlive/20250308_1/share/texmf-dist/tex/generic/tex4ht/un
icode.4ht
version 2024-12-15-07:18
)
(/opt/homebrew/Cellar/texlive/20250308_1/share/texmf-dist/tex/generic/tex4ht/ht
ml4-math.4ht
version 2024-09-27-10:13
)
(/opt/homebrew/Cellar/texlive/20250308_1/share/texmf-dist/tex/generic/tex4ht/ht
ml5.4ht
version 2024-04-09-09:36
))
(/opt/homebrew/Cellar/texlive/20250308_1/share/texmf-dist/tex/generic/tex4ht/am
sbsy.4ht
version 2009-05-21-09:32

(/opt/homebrew/Cellar/texlive/20250308_1/share/texmf-dist/tex/generic/tex4ht/ht
ml4.4ht
version 2025-03-05-13:44
)
(/opt/homebrew/Cellar/texlive/20250308_1/share/texmf-dist/tex/generic/tex4ht/un
icode.4ht
version 2024-12-15-07:18
)
(/opt/homebrew/Cellar/texlive/20250308_1/share/texmf-dist/tex/generic/tex4ht/ht
ml4-math.4ht
version 2024-09-27-10:13
)
(/opt/homebrew/Cellar/texlive/20250308_1/share/texmf-dist/tex/generic/tex4ht/ht
ml5.4ht
version 2024-04-09-09:36
))
(/opt/homebrew/Cellar/texlive/20250308_1/share/texmf-dist/tex/generic/tex4ht/am
sopn.4ht
version 2009-05-21-09:32

(/opt/homebrew/Cellar/texlive/20250308_1/share/texmf-dist/tex/generic/tex4ht/ht
ml4.4ht
version 2025-03-05-13:44
)
(/opt/homebrew/Cellar/texlive/20250308_1/share/texmf-dist/tex/generic/tex4ht/un
icode.4ht
version 2024-12-15-07:18
)
(/opt/homebrew/Cellar/texlive/20250308_1/share/texmf-dist/tex/generic/tex4ht/ht
ml4-math.4ht
version 2024-09-27-10:13
)
(/opt/homebrew/Cellar/texlive/20250308_1/share/texmf-dist/tex/generic/tex4ht/ht
ml5.4ht
version 2024-04-09-09:36
))
(/opt/homebrew/Cellar/texlive/20250308_1/share/texmf-dist/tex/generic/tex4ht/lo
ngtable.4ht
version 2024-09-30-13:40
\LT:box=\box77
\LT:ebox=\box78
\tmp:bx=\box79

(/opt/homebrew/Cellar/texlive/20250308_1/share/texmf-dist/tex/generic/tex4ht/ht
ml4.4ht
version 2025-03-05-13:44
--------------------------------------
--- Note --- for pictorial longtable, use the command line option `pic-longtabl
e'
--------------------------------------
)
(/opt/homebrew/Cellar/texlive/20250308_1/share/texmf-dist/tex/generic/tex4ht/un
icode.4ht
version 2024-12-15-07:18
)
(/opt/homebrew/Cellar/texlive/20250308_1/share/texmf-dist/tex/generic/tex4ht/ht
ml4-math.4ht
version 2024-09-27-10:13
)
(/opt/homebrew/Cellar/texlive/20250308_1/share/texmf-dist/tex/generic/tex4ht/ht
ml5.4ht
version 2024-04-09-09:36
))
(/opt/homebrew/Cellar/texlive/20250308_1/share/texmf-dist/tex/generic/tex4ht/ta
bularx.4ht
version 2009-05-21-09:32

(/opt/homebrew/Cellar/texlive/20250308_1/share/texmf-dist/tex/generic/tex4ht/ht
ml4.4ht
version 2025-03-05-13:44
)
(/opt/homebrew/Cellar/texlive/20250308_1/share/texmf-dist/tex/generic/tex4ht/un
icode.4ht
version 2024-12-15-07:18
)
(/opt/homebrew/Cellar/texlive/20250308_1/share/texmf-dist/tex/generic/tex4ht/ht
ml4-math.4ht
version 2024-09-27-10:13
)
(/opt/homebrew/Cellar/texlive/20250308_1/share/texmf-dist/tex/generic/tex4ht/ht
ml5.4ht
version 2024-04-09-09:36
))
(/opt/homebrew/Cellar/texlive/20250308_1/share/texmf-dist/tex/generic/tex4ht/ar
ray.4ht
version 2023-11-12-08:00

(/opt/homebrew/Cellar/texlive/20250308_1/share/texmf-dist/tex/generic/tex4ht/ht
ml4.4ht
version 2025-03-05-13:44
)
(/opt/homebrew/Cellar/texlive/20250308_1/share/texmf-dist/tex/generic/tex4ht/un
icode.4ht
version 2024-12-15-07:18
)
(/opt/homebrew/Cellar/texlive/20250308_1/share/texmf-dist/tex/generic/tex4ht/ht
ml4-math.4ht
version 2024-09-27-10:13
--------------------------------------
--- Note --- for pictorial array, use the command line option `pic-array'
--------------------------------------
)
(/opt/homebrew/Cellar/texlive/20250308_1/share/texmf-dist/tex/generic/tex4ht/ht
ml5.4ht
version 2024-04-09-09:36
))
(/opt/homebrew/Cellar/texlive/20250308_1/share/texmf-dist/tex/generic/tex4ht/fo
ntspec.4ht
version 2021-06-13-08:46

(/opt/homebrew/Cellar/texlive/20250308_1/share/texmf-dist/tex/generic/tex4ht/ht
ml4.4ht
version 2025-03-05-13:44
)
(/opt/homebrew/Cellar/texlive/20250308_1/share/texmf-dist/tex/generic/tex4ht/un
icode.4ht
version 2024-12-15-07:18
)
(/opt/homebrew/Cellar/texlive/20250308_1/share/texmf-dist/tex/generic/tex4ht/ht
ml4-math.4ht
version 2024-09-27-10:13
)
(/opt/homebrew/Cellar/texlive/20250308_1/share/texmf-dist/tex/generic/tex4ht/ht
ml5.4ht
version 2024-04-09-09:36
))
(/opt/homebrew/Cellar/texlive/20250308_1/share/texmf-dist/tex/generic/tex4ht/fo
ntspec-luatex.4ht
version 2017-01-24-15:21

(/opt/homebrew/Cellar/texlive/20250308_1/share/texmf-dist/tex/generic/tex4ht/ht
ml4.4ht
version 2025-03-05-13:44
)
(/opt/homebrew/Cellar/texlive/20250308_1/share/texmf-dist/tex/generic/tex4ht/un
icode.4ht
version 2024-12-15-07:18
)
(/opt/homebrew/Cellar/texlive/20250308_1/share/texmf-dist/tex/generic/tex4ht/ht
ml4-math.4ht
version 2024-09-27-10:13
)
(/opt/homebrew/Cellar/texlive/20250308_1/share/texmf-dist/tex/generic/tex4ht/ht
ml5.4ht
version 2024-04-09-09:36
))
(/opt/homebrew/Cellar/texlive/20250308_1/share/texmf-dist/tex/generic/tex4ht/hy
perref.4ht
version 2024-02-29-14:08
LaTeX Info: Redefining \autoref on input line 88.
\Hy@SectionHShift=\skip63

(/opt/homebrew/Cellar/texlive/20250308_1/share/texmf-dist/tex/generic/tex4ht/ht
ml4.4ht
version 2025-03-05-13:44
)
(/opt/homebrew/Cellar/texlive/20250308_1/share/texmf-dist/tex/generic/tex4ht/un
icode.4ht
version 2024-12-15-07:18
)
(/opt/homebrew/Cellar/texlive/20250308_1/share/texmf-dist/tex/generic/tex4ht/ht
ml4-math.4ht
version 2024-09-27-10:13
)
(/opt/homebrew/Cellar/texlive/20250308_1/share/texmf-dist/tex/generic/tex4ht/ht
ml5.4ht
version 2024-04-09-09:36
))
(/opt/homebrew/Cellar/texlive/20250308_1/share/texmf-dist/tex/generic/tex4ht/na
meref.4ht
version 2025-03-03-13:56

(/opt/homebrew/Cellar/texlive/20250308_1/share/texmf-dist/tex/generic/tex4ht/ht
ml4.4ht
version 2025-03-05-13:44
)
(/opt/homebrew/Cellar/texlive/20250308_1/share/texmf-dist/tex/generic/tex4ht/un
icode.4ht
version 2024-12-15-07:18
)
(/opt/homebrew/Cellar/texlive/20250308_1/share/texmf-dist/tex/generic/tex4ht/ht
ml4-math.4ht
version 2024-09-27-10:13
)
(/opt/homebrew/Cellar/texlive/20250308_1/share/texmf-dist/tex/generic/tex4ht/ht
ml5.4ht
version 2024-04-09-09:36
))
(/opt/homebrew/Cellar/texlive/20250308_1/share/texmf-dist/tex/generic/tex4ht/pd
1enc.4ht
version 2009-05-21-09:32

(/opt/homebrew/Cellar/texlive/20250308_1/share/texmf-dist/tex/generic/tex4ht/ht
ml4.4ht
version 2025-03-05-13:44
)
(/opt/homebrew/Cellar/texlive/20250308_1/share/texmf-dist/tex/generic/tex4ht/un
icode.4ht
version 2024-12-15-07:18
)
(/opt/homebrew/Cellar/texlive/20250308_1/share/texmf-dist/tex/generic/tex4ht/ht
ml4-math.4ht
version 2024-09-27-10:13
)
(/opt/homebrew/Cellar/texlive/20250308_1/share/texmf-dist/tex/generic/tex4ht/ht
ml5.4ht
version 2024-04-09-09:36
))
(/opt/homebrew/Cellar/texlive/20250308_1/share/texmf-dist/tex/generic/tex4ht/ur
l.4ht
version 2023-02-19-10:11

(/opt/homebrew/Cellar/texlive/20250308_1/share/texmf-dist/tex/generic/tex4ht/ht
ml4.4ht
version 2025-03-05-13:44
--------------------------------------
--- Note --- for URL encoding within href use the command line option `url-enc'

--------------------------------------
)
(/opt/homebrew/Cellar/texlive/20250308_1/share/texmf-dist/tex/generic/tex4ht/un
icode.4ht
version 2024-12-15-07:18
)
(/opt/homebrew/Cellar/texlive/20250308_1/share/texmf-dist/tex/generic/tex4ht/ht
ml4-math.4ht
version 2024-09-27-10:13
)
(/opt/homebrew/Cellar/texlive/20250308_1/share/texmf-dist/tex/generic/tex4ht/ht
ml5.4ht
version 2024-04-09-09:36
))
(/opt/homebrew/Cellar/texlive/20250308_1/share/texmf-dist/tex/generic/tex4ht/pg
f.4ht
version 2009-05-21-09:32

(/opt/homebrew/Cellar/texlive/20250308_1/share/texmf-dist/tex/generic/tex4ht/ht
ml4.4ht
version 2025-03-05-13:44
)
(/opt/homebrew/Cellar/texlive/20250308_1/share/texmf-dist/tex/generic/tex4ht/un
icode.4ht
version 2024-12-15-07:18
)
(/opt/homebrew/Cellar/texlive/20250308_1/share/texmf-dist/tex/generic/tex4ht/ht
ml4-math.4ht
version 2024-09-27-10:13
)
(/opt/homebrew/Cellar/texlive/20250308_1/share/texmf-dist/tex/generic/tex4ht/ht
ml5.4ht
version 2024-04-09-09:36
))
(/opt/homebrew/Cellar/texlive/20250308_1/share/texmf-dist/tex/generic/tex4ht/gr
aphicx.4ht
version 2022-01-12-13:53

(/opt/homebrew/Cellar/texlive/20250308_1/share/texmf-dist/tex/generic/tex4ht/ht
ml4.4ht
version 2025-03-05-13:44
)
(/opt/homebrew/Cellar/texlive/20250308_1/share/texmf-dist/tex/generic/tex4ht/un
icode.4ht
version 2024-12-15-07:18
)
(/opt/homebrew/Cellar/texlive/20250308_1/share/texmf-dist/tex/generic/tex4ht/ht
ml4-math.4ht
version 2024-09-27-10:13
)
(/opt/homebrew/Cellar/texlive/20250308_1/share/texmf-dist/tex/generic/tex4ht/ht
ml5.4ht
version 2024-04-09-09:36
))
(/opt/homebrew/Cellar/texlive/20250308_1/share/texmf-dist/tex/generic/tex4ht/gr
aphics.4ht
version 2024-03-07-13:56

(/opt/homebrew/Cellar/texlive/20250308_1/share/texmf-dist/tex/generic/tex4ht/ht
ml4.4ht
version 2025-03-05-13:44
--------------------------------------
--- Note --- if included graphics are of degraded quality, try the command line
 options `graphics-num' or `graphics-'. The `num' should provide the density of
 pixels in the bitmaps (e.g., 110). 
--------------------------------------
--------------------------------------
--- Note --- for setting image dimensions, try the option `Gin-dim'; to use per
cents instead of units, use `Gin-perecent'; for key dimensions when bounding bo
x is unavailable try `Gin-dim+'; neither is recommended
--------------------------------------
)
(/opt/homebrew/Cellar/texlive/20250308_1/share/texmf-dist/tex/generic/tex4ht/un
icode.4ht
version 2024-12-15-07:18
)
(/opt/homebrew/Cellar/texlive/20250308_1/share/texmf-dist/tex/generic/tex4ht/ht
ml4-math.4ht
version 2024-09-27-10:13
)
(/opt/homebrew/Cellar/texlive/20250308_1/share/texmf-dist/tex/generic/tex4ht/ht
ml5.4ht
version 2024-04-09-09:36
))
(/opt/homebrew/Cellar/texlive/20250308_1/share/texmf-dist/tex/generic/tex4ht/ht
ml4.4ht
version 2025-03-05-13:44
)
(/opt/homebrew/Cellar/texlive/20250308_1/share/texmf-dist/tex/generic/tex4ht/un
icode.4ht
version 2024-12-15-07:18
)
(/opt/homebrew/Cellar/texlive/20250308_1/share/texmf-dist/tex/generic/tex4ht/ht
ml4-math.4ht
version 2024-09-27-10:13
)
(/opt/homebrew/Cellar/texlive/20250308_1/share/texmf-dist/tex/generic/tex4ht/ht
ml5.4ht
version 2024-04-09-09:36
)) (./syllabus.aux)
\openout1 = syllabus.aux

LaTeX Font Info:    Checking defaults for OML/cmm/m/it on input line 3.
LaTeX Font Info:    ... okay on input line 3.
LaTeX Font Info:    Checking defaults for OMS/cmsy/m/n on input line 3.
LaTeX Font Info:    ... okay on input line 3.
LaTeX Font Info:    Checking defaults for OT1/cmr/m/n on input line 3.
LaTeX Font Info:    ... okay on input line 3.
LaTeX Font Info:    Checking defaults for T1/cmr/m/n on input line 3.
LaTeX Font Info:    ... okay on input line 3.
LaTeX Font Info:    Checking defaults for TS1/cmr/m/n on input line 3.
LaTeX Font Info:    ... okay on input line 3.
LaTeX Font Info:    Checking defaults for TU/lmr/m/n on input line 3.
LaTeX Font Info:    ... okay on input line 3.
LaTeX Font Info:    Checking defaults for OMX/cmex/m/n on input line 3.
LaTeX Font Info:    ... okay on input line 3.
LaTeX Font Info:    Checking defaults for U/cmr/m/n on input line 3.
LaTeX Font Info:    ... okay on input line 3.
LaTeX Font Info:    Checking defaults for PD1/pdf/m/n on input line 3.
LaTeX Font Info:    ... okay on input line 3.
LaTeX Font Info:    Checking defaults for PU/pdf/m/n on input line 3.
LaTeX Font Info:    ... okay on input line 3.
Package hyperref Info: Link coloring ON on input line 3.
--- file syllabus.css ---
)
LaTeX Font Info:    Trying to load font information for T1+lmtt on input line 8
0.

(/opt/homebrew/Cellar/texlive/20250308_1/share/texmf-dist/tex/latex/lm/t1lmtt.f
d
File: t1lmtt.fd 2015/05/01 v1.6.1 Font defs for Latin Modern
)

[1

]

[2]
\q=\skip64


[3]

[4]
\bb=\skip65
\qq=\skip66
\rr=\skip67
\pp=\skip68


[5] (./syllabus.aux)
 ***********
LaTeX2e <2024-11-01> patch level 2
L3 programming layer <2025-01-18>
 ***********
)

Here is how much of LuaTeX's memory you used:
 28843 strings out of 475501
 125086,1373583 words of node,token memory allocated
 568 words of node memory still in use:
   6 hlist, 2 vlist, 2 rule, 2 glue, 4 kern, 1 glyph, 7 attribute, 68 glue_spec,
 7 attribute_list, 1 write nodes
   avail lists: 1:2,2:1552,3:1970,4:34,5:159,6:158,7:3736,8:76,9:1316,10:33,11:1
50
 50499 multiletter control sequences out of 65536+600000
 42 fonts using 2855063 bytes
 108i,8n,125p,1004b,571s stack positions out of 10000i,1000n,20000p,200000b,200000s
Output written on syllabus.dvi (5 pages, 64180 bytes).
